{"name":"Creating projects","status":"broken","statusDetails":{"known":false,"muted":false,"flaky":false,"message":"java.net.http.HttpTimeoutException: request timed out\nBuild info: version: '4.17.0', revision: 'e52b1be057*'\nSystem info: os.name: 'Windows 11', os.arch: 'amd64', os.version: '10.0', java.version: '11.0.20'\nDriver info: org.openqa.selenium.chrome.ChromeDriver\nCommand: [ec95c57629c95e269ac67e808048da30, findElement {value=//p[text()='Project added successfully'], using=xpath}]\nCapabilities {acceptInsecureCerts: false, browserName: chrome, browserVersion: 122.0.6261.112, chrome: {chromedriverVersion: 122.0.6261.128 (f18a44fedeb..., userDataDir: C:\\Users\\ASWIN~1.MOO\\AppDat...}, fedcm:accounts: true, goog:chromeOptions: {debuggerAddress: localhost:59910}, networkConnectionEnabled: false, pageLoadStrategy: normal, platformName: windows, proxy: Proxy(), se:cdp: ws://localhost:59910/devtoo..., se:cdpVersion: 122.0.6261.112, setWindowRect: true, strictFileInteractability: false, timeouts: {implicit: 0, pageLoad: 300000, script: 30000}, unhandledPromptBehavior: dismiss and notify, webauthn:extension:credBlob: true, webauthn:extension:largeBlob: true, webauthn:extension:minPinLength: true, webauthn:extension:prf: true, webauthn:virtualAuthenticators: true}\nSession ID: ec95c57629c95e269ac67e808048da30","trace":"org.openqa.selenium.TimeoutException: java.net.http.HttpTimeoutException: request timed out\nBuild info: version: '4.17.0', revision: 'e52b1be057*'\nSystem info: os.name: 'Windows 11', os.arch: 'amd64', os.version: '10.0', java.version: '11.0.20'\nDriver info: org.openqa.selenium.chrome.ChromeDriver\nCommand: [ec95c57629c95e269ac67e808048da30, findElement {value=//p[text()='Project added successfully'], using=xpath}]\nCapabilities {acceptInsecureCerts: false, browserName: chrome, browserVersion: 122.0.6261.112, chrome: {chromedriverVersion: 122.0.6261.128 (f18a44fedeb..., userDataDir: C:\\Users\\ASWIN~1.MOO\\AppDat...}, fedcm:accounts: true, goog:chromeOptions: {debuggerAddress: localhost:59910}, networkConnectionEnabled: false, pageLoadStrategy: normal, platformName: windows, proxy: Proxy(), se:cdp: ws://localhost:59910/devtoo..., se:cdpVersion: 122.0.6261.112, setWindowRect: true, strictFileInteractability: false, timeouts: {implicit: 0, pageLoad: 300000, script: 30000}, unhandledPromptBehavior: dismiss and notify, webauthn:extension:credBlob: true, webauthn:extension:largeBlob: true, webauthn:extension:minPinLength: true, webauthn:extension:prf: true, webauthn:virtualAuthenticators: true}\nSession ID: ec95c57629c95e269ac67e808048da30\r\n\tat org.openqa.selenium.remote.http.jdk.JdkHttpClient.execute0(JdkHttpClient.java:392)\r\n\tat org.openqa.selenium.remote.http.AddSeleniumUserAgent.lambda$apply$0(AddSeleniumUserAgent.java:42)\r\n\tat org.openqa.selenium.remote.http.Filter.lambda$andFinally$1(Filter.java:55)\r\n\tat org.openqa.selenium.remote.http.jdk.JdkHttpClient.execute(JdkHttpClient.java:358)\r\n\tat org.openqa.selenium.remote.HttpCommandExecutor.execute(HttpCommandExecutor.java:187)\r\n\tat org.openqa.selenium.remote.service.DriverCommandExecutor.invokeExecute(DriverCommandExecutor.java:216)\r\n\tat org.openqa.selenium.remote.service.DriverCommandExecutor.execute(DriverCommandExecutor.java:174)\r\n\tat org.openqa.selenium.remote.RemoteWebDriver.execute(RemoteWebDriver.java:519)\r\n\tat org.openqa.selenium.remote.ElementLocation$ElementFinder$2.findElement(ElementLocation.java:165)\r\n\tat org.openqa.selenium.remote.ElementLocation.findElement(ElementLocation.java:59)\r\n\tat org.openqa.selenium.remote.RemoteWebDriver.findElement(RemoteWebDriver.java:356)\r\n\tat org.openqa.selenium.remote.RemoteWebDriver.findElement(RemoteWebDriver.java:350)\r\n\tat org.openqa.selenium.support.pagefactory.DefaultElementLocator.findElement(DefaultElementLocator.java:68)\r\n\tat org.openqa.selenium.support.pagefactory.internal.LocatingElementHandler.invoke(LocatingElementHandler.java:38)\r\n\tat com.sun.proxy.$Proxy18.toString(Unknown Source)\r\n\tat java.base/java.lang.String.valueOf(String.java:2951)\r\n\tat java.base/java.lang.StringBuilder.append(StringBuilder.java:173)\r\n\tat com.stepDefinitions.creatingProjects.user_edit_the_project_name(creatingProjects.java:178)\r\n\tat ✽.user Edit the project name(file:///C:/Users/aswin.moorthy/Automation/pharma_NLP/src/test/resources/features/Createproject.feature:10)\r\nCaused by: java.net.http.HttpTimeoutException: request timed out\r\n\tat java.net.http/jdk.internal.net.http.ResponseTimerEvent.handle(ResponseTimerEvent.java:63)\r\n\tat java.net.http/jdk.internal.net.http.HttpClientImpl.purgeTimeoutsAndReturnNextDeadline(HttpClientImpl.java:1248)\r\n\tat java.net.http/jdk.internal.net.http.HttpClientImpl$SelectorManager.run(HttpClientImpl.java:877)\r\n"},"stage":"finished","steps":[{"name":"When  user creates a project without Add Collaborators","status":"passed","statusDetails":{"known":false,"muted":false,"flaky":false},"stage":"finished","steps":[],"attachments":[],"parameters":[],"start":1710683717036,"stop":1710683728366},{"name":"When  Verify the Project is created successfully without Add collaborators","status":"passed","statusDetails":{"known":false,"muted":false,"flaky":false},"stage":"finished","steps":[],"attachments":[],"parameters":[],"start":1710683728374,"stop":1710683728457},{"name":"When  user creates a project with Add Collaborators","status":"passed","statusDetails":{"known":false,"muted":false,"flaky":false},"stage":"finished","steps":[],"attachments":[],"parameters":[],"start":1710683728464,"stop":1710683742147},{"name":"When  Verify the Project is created successfully with Add collaborators","status":"passed","statusDetails":{"known":false,"muted":false,"flaky":false},"stage":"finished","steps":[],"attachments":[],"parameters":[],"start":1710683742147,"stop":1710683742262},{"name":"When  user creates a project with ByPassscreeningProcess","status":"passed","statusDetails":{"known":false,"muted":false,"flaky":false},"stage":"finished","steps":[],"attachments":[],"parameters":[],"start":1710683742262,"stop":1710683756793},{"name":"When  user creates a project with guest user and Configure Fields for Data Extraction","status":"passed","statusDetails":{"known":false,"muted":false,"flaky":false},"stage":"finished","steps":[],"attachments":[],"parameters":[],"start":1710683756793,"stop":1710683781067},{"name":"When  user Edit the project name","status":"broken","statusDetails":{"known":false,"muted":false,"flaky":false,"message":"java.net.http.HttpTimeoutException: request timed out\nBuild info: version: '4.17.0', revision: 'e52b1be057*'\nSystem info: os.name: 'Windows 11', os.arch: 'amd64', os.version: '10.0', java.version: '11.0.20'\nDriver info: org.openqa.selenium.chrome.ChromeDriver\nCommand: [ec95c57629c95e269ac67e808048da30, findElement {value=//p[text()='Project added successfully'], using=xpath}]\nCapabilities {acceptInsecureCerts: false, browserName: chrome, browserVersion: 122.0.6261.112, chrome: {chromedriverVersion: 122.0.6261.128 (f18a44fedeb..., userDataDir: C:\\Users\\ASWIN~1.MOO\\AppDat...}, fedcm:accounts: true, goog:chromeOptions: {debuggerAddress: localhost:59910}, networkConnectionEnabled: false, pageLoadStrategy: normal, platformName: windows, proxy: Proxy(), se:cdp: ws://localhost:59910/devtoo..., se:cdpVersion: 122.0.6261.112, setWindowRect: true, strictFileInteractability: false, timeouts: {implicit: 0, pageLoad: 300000, script: 30000}, unhandledPromptBehavior: dismiss and notify, webauthn:extension:credBlob: true, webauthn:extension:largeBlob: true, webauthn:extension:minPinLength: true, webauthn:extension:prf: true, webauthn:virtualAuthenticators: true}\nSession ID: ec95c57629c95e269ac67e808048da30","trace":"org.openqa.selenium.TimeoutException: java.net.http.HttpTimeoutException: request timed out\nBuild info: version: '4.17.0', revision: 'e52b1be057*'\nSystem info: os.name: 'Windows 11', os.arch: 'amd64', os.version: '10.0', java.version: '11.0.20'\nDriver info: org.openqa.selenium.chrome.ChromeDriver\nCommand: [ec95c57629c95e269ac67e808048da30, findElement {value=//p[text()='Project added successfully'], using=xpath}]\nCapabilities {acceptInsecureCerts: false, browserName: chrome, browserVersion: 122.0.6261.112, chrome: {chromedriverVersion: 122.0.6261.128 (f18a44fedeb..., userDataDir: C:\\Users\\ASWIN~1.MOO\\AppDat...}, fedcm:accounts: true, goog:chromeOptions: {debuggerAddress: localhost:59910}, networkConnectionEnabled: false, pageLoadStrategy: normal, platformName: windows, proxy: Proxy(), se:cdp: ws://localhost:59910/devtoo..., se:cdpVersion: 122.0.6261.112, setWindowRect: true, strictFileInteractability: false, timeouts: {implicit: 0, pageLoad: 300000, script: 30000}, unhandledPromptBehavior: dismiss and notify, webauthn:extension:credBlob: true, webauthn:extension:largeBlob: true, webauthn:extension:minPinLength: true, webauthn:extension:prf: true, webauthn:virtualAuthenticators: true}\nSession ID: ec95c57629c95e269ac67e808048da30\r\n\tat org.openqa.selenium.remote.http.jdk.JdkHttpClient.execute0(JdkHttpClient.java:392)\r\n\tat org.openqa.selenium.remote.http.AddSeleniumUserAgent.lambda$apply$0(AddSeleniumUserAgent.java:42)\r\n\tat org.openqa.selenium.remote.http.Filter.lambda$andFinally$1(Filter.java:55)\r\n\tat org.openqa.selenium.remote.http.jdk.JdkHttpClient.execute(JdkHttpClient.java:358)\r\n\tat org.openqa.selenium.remote.HttpCommandExecutor.execute(HttpCommandExecutor.java:187)\r\n\tat org.openqa.selenium.remote.service.DriverCommandExecutor.invokeExecute(DriverCommandExecutor.java:216)\r\n\tat org.openqa.selenium.remote.service.DriverCommandExecutor.execute(DriverCommandExecutor.java:174)\r\n\tat org.openqa.selenium.remote.RemoteWebDriver.execute(RemoteWebDriver.java:519)\r\n\tat org.openqa.selenium.remote.ElementLocation$ElementFinder$2.findElement(ElementLocation.java:165)\r\n\tat org.openqa.selenium.remote.ElementLocation.findElement(ElementLocation.java:59)\r\n\tat org.openqa.selenium.remote.RemoteWebDriver.findElement(RemoteWebDriver.java:356)\r\n\tat org.openqa.selenium.remote.RemoteWebDriver.findElement(RemoteWebDriver.java:350)\r\n\tat org.openqa.selenium.support.pagefactory.DefaultElementLocator.findElement(DefaultElementLocator.java:68)\r\n\tat org.openqa.selenium.support.pagefactory.internal.LocatingElementHandler.invoke(LocatingElementHandler.java:38)\r\n\tat com.sun.proxy.$Proxy18.toString(Unknown Source)\r\n\tat java.base/java.lang.String.valueOf(String.java:2951)\r\n\tat java.base/java.lang.StringBuilder.append(StringBuilder.java:173)\r\n\tat com.stepDefinitions.creatingProjects.user_edit_the_project_name(creatingProjects.java:178)\r\n\tat ✽.user Edit the project name(file:///C:/Users/aswin.moorthy/Automation/pharma_NLP/src/test/resources/features/Createproject.feature:10)\r\nCaused by: java.net.http.HttpTimeoutException: request timed out\r\n\tat java.net.http/jdk.internal.net.http.ResponseTimerEvent.handle(ResponseTimerEvent.java:63)\r\n\tat java.net.http/jdk.internal.net.http.HttpClientImpl.purgeTimeoutsAndReturnNextDeadline(HttpClientImpl.java:1248)\r\n\tat java.net.http/jdk.internal.net.http.HttpClientImpl$SelectorManager.run(HttpClientImpl.java:877)\r\n"},"stage":"finished","steps":[],"attachments":[],"parameters":[],"start":1710683781067,"stop":1710683975178},{"name":"When  user Edit the collaborators name","status":"skipped","statusDetails":{"known":false,"muted":false,"flaky":false},"stage":"finished","steps":[],"attachments":[],"parameters":[],"start":1710683975179,"stop":1710683975181},{"name":"When  user duplictaes the project","status":"skipped","statusDetails":{"known":false,"muted":false,"flaky":false},"stage":"finished","steps":[],"attachments":[],"parameters":[],"start":1710683975182,"stop":1710683975182},{"name":"When  user delete the project","status":"skipped","statusDetails":{"known":false,"muted":false,"flaky":false},"stage":"finished","steps":[],"attachments":[],"parameters":[],"start":1710683975183,"stop":1710683975183}],"attachments":[],"parameters":[],"start":1710683695464,"stop":1710683996261,"uuid":"9e0d128f-db8d-4a39-9eff-9d6948ed9a69","historyId":"c47ff3030097cf19b1237108f5430fa7","fullName":"CreateProject: Creating projects","labels":[{"name":"host","value":"CS-LP-923"},{"name":"thread","value":"34664@CS-LP-923.main(1)"},{"name":"feature","value":"CreateProject"},{"name":"story","value":"Creating projects"},{"name":"suite","value":"CreateProject"},{"name":"testClass","value":"Creating projects"},{"name":"framework","value":"cucumber4jvm"},{"name":"language","value":"java"},{"name":"gherkin_uri","value":"file:///C:/Users/aswin.moorthy/Automation/pharma_NLP/src/test/resources/features/Createproject.feature"},{"name":"package","value":"src.test.resources.features.Createproject_feature.CreateProject"}],"links":[]}