{"name":"Creating projects","status":"broken","statusDetails":{"known":false,"muted":false,"flaky":false,"message":"element click intercepted: Element <p class=\"MuiTypography-root MuiTypography-body1 css-koybp0\">...</p> is not clickable at point (164, 160). Other element would receive the click: <div aria-hidden=\"true\" class=\"MuiBackdrop-root css-1wbkg6y\" style=\"opacity: 1; transition: opacity 225ms cubic-bezier(0.4, 0, 0.2, 1) 0ms;\"></div>\n  (Session info: chrome=122.0.6261.112)\nBuild info: version: '4.17.0', revision: 'e52b1be057*'\nSystem info: os.name: 'Windows 11', os.arch: 'amd64', os.version: '10.0', java.version: '11.0.20'\nDriver info: org.openqa.selenium.chrome.ChromeDriver\nCommand: [d3ac3186638beeb5f8f8e5148d004c1b, clickElement {id=f.C8639650F8587933539674CC710C68FB.d.259566539243DD184D1DC528A8E0C1A1.e.310}]\nCapabilities {acceptInsecureCerts: false, browserName: chrome, browserVersion: 122.0.6261.112, chrome: {chromedriverVersion: 122.0.6261.128 (f18a44fedeb..., userDataDir: C:\\Users\\ASWIN~1.MOO\\AppDat...}, fedcm:accounts: true, goog:chromeOptions: {debuggerAddress: localhost:52194}, networkConnectionEnabled: false, pageLoadStrategy: normal, platformName: windows, proxy: Proxy(), se:cdp: ws://localhost:52194/devtoo..., se:cdpVersion: 122.0.6261.112, setWindowRect: true, strictFileInteractability: false, timeouts: {implicit: 0, pageLoad: 300000, script: 30000}, unhandledPromptBehavior: dismiss and notify, webauthn:extension:credBlob: true, webauthn:extension:largeBlob: true, webauthn:extension:minPinLength: true, webauthn:extension:prf: true, webauthn:virtualAuthenticators: true}\nElement: [[ChromeDriver: chrome on windows (d3ac3186638beeb5f8f8e5148d004c1b)] -> xpath: //p[text()='Home']]\nSession ID: d3ac3186638beeb5f8f8e5148d004c1b","trace":"org.openqa.selenium.ElementClickInterceptedException: element click intercepted: Element <p class=\"MuiTypography-root MuiTypography-body1 css-koybp0\">...</p> is not clickable at point (164, 160). Other element would receive the click: <div aria-hidden=\"true\" class=\"MuiBackdrop-root css-1wbkg6y\" style=\"opacity: 1; transition: opacity 225ms cubic-bezier(0.4, 0, 0.2, 1) 0ms;\"></div>\n  (Session info: chrome=122.0.6261.112)\nBuild info: version: '4.17.0', revision: 'e52b1be057*'\nSystem info: os.name: 'Windows 11', os.arch: 'amd64', os.version: '10.0', java.version: '11.0.20'\nDriver info: org.openqa.selenium.chrome.ChromeDriver\nCommand: [d3ac3186638beeb5f8f8e5148d004c1b, clickElement {id=f.C8639650F8587933539674CC710C68FB.d.259566539243DD184D1DC528A8E0C1A1.e.310}]\nCapabilities {acceptInsecureCerts: false, browserName: chrome, browserVersion: 122.0.6261.112, chrome: {chromedriverVersion: 122.0.6261.128 (f18a44fedeb..., userDataDir: C:\\Users\\ASWIN~1.MOO\\AppDat...}, fedcm:accounts: true, goog:chromeOptions: {debuggerAddress: localhost:52194}, networkConnectionEnabled: false, pageLoadStrategy: normal, platformName: windows, proxy: Proxy(), se:cdp: ws://localhost:52194/devtoo..., se:cdpVersion: 122.0.6261.112, setWindowRect: true, strictFileInteractability: false, timeouts: {implicit: 0, pageLoad: 300000, script: 30000}, unhandledPromptBehavior: dismiss and notify, webauthn:extension:credBlob: true, webauthn:extension:largeBlob: true, webauthn:extension:minPinLength: true, webauthn:extension:prf: true, webauthn:virtualAuthenticators: true}\nElement: [[ChromeDriver: chrome on windows (d3ac3186638beeb5f8f8e5148d004c1b)] -> xpath: //p[text()='Home']]\nSession ID: d3ac3186638beeb5f8f8e5148d004c1b\r\n\tat java.base/jdk.internal.reflect.NativeConstructorAccessorImpl.newInstance0(Native Method)\r\n\tat java.base/jdk.internal.reflect.NativeConstructorAccessorImpl.newInstance(NativeConstructorAccessorImpl.java:62)\r\n\tat java.base/jdk.internal.reflect.DelegatingConstructorAccessorImpl.newInstance(DelegatingConstructorAccessorImpl.java:45)\r\n\tat java.base/java.lang.reflect.Constructor.newInstance(Constructor.java:490)\r\n\tat org.openqa.selenium.remote.codec.w3c.W3CHttpResponseCodec.createException(W3CHttpResponseCodec.java:185)\r\n\tat org.openqa.selenium.remote.codec.w3c.W3CHttpResponseCodec.decode(W3CHttpResponseCodec.java:134)\r\n\tat org.openqa.selenium.remote.codec.w3c.W3CHttpResponseCodec.decode(W3CHttpResponseCodec.java:51)\r\n\tat org.openqa.selenium.remote.HttpCommandExecutor.execute(HttpCommandExecutor.java:190)\r\n\tat org.openqa.selenium.remote.service.DriverCommandExecutor.invokeExecute(DriverCommandExecutor.java:216)\r\n\tat org.openqa.selenium.remote.service.DriverCommandExecutor.execute(DriverCommandExecutor.java:174)\r\n\tat org.openqa.selenium.remote.RemoteWebDriver.execute(RemoteWebDriver.java:519)\r\n\tat org.openqa.selenium.remote.RemoteWebElement.execute(RemoteWebElement.java:223)\r\n\tat org.openqa.selenium.remote.RemoteWebElement.click(RemoteWebElement.java:76)\r\n\tat jdk.internal.reflect.GeneratedMethodAccessor2.invoke(Unknown Source)\r\n\tat java.base/jdk.internal.reflect.DelegatingMethodAccessorImpl.invoke(DelegatingMethodAccessorImpl.java:43)\r\n\tat java.base/java.lang.reflect.Method.invoke(Method.java:566)\r\n\tat org.openqa.selenium.support.pagefactory.internal.LocatingElementHandler.invoke(LocatingElementHandler.java:51)\r\n\tat com.sun.proxy.$Proxy18.click(Unknown Source)\r\n\tat com.stepDefinitions.creatingProjects.user_edit_the_project_name(creatingProjects.java:151)\r\n\tat ✽.user Edit the project name(file:///C:/Users/aswin.moorthy/Automation/pharma_NLP/src/test/resources/features/Createproject.feature:10)\r\n"},"stage":"finished","steps":[{"name":"When  user creates a project without Add Collaborators","status":"passed","statusDetails":{"known":false,"muted":false,"flaky":false},"stage":"finished","steps":[],"attachments":[],"parameters":[],"start":1710594631158,"stop":1710594639792},{"name":"When  Verify the Project is created successfully without Add collaborators","status":"passed","statusDetails":{"known":false,"muted":false,"flaky":false},"stage":"finished","steps":[],"attachments":[],"parameters":[],"start":1710594639792,"stop":1710594641458},{"name":"When  user creates a project with Add Collaborators","status":"passed","statusDetails":{"known":false,"muted":false,"flaky":false},"stage":"finished","steps":[],"attachments":[],"parameters":[],"start":1710594641459,"stop":1710594653331},{"name":"When  Verify the Project is created successfully with Add collaborators","status":"passed","statusDetails":{"known":false,"muted":false,"flaky":false},"stage":"finished","steps":[],"attachments":[],"parameters":[],"start":1710594653331,"stop":1710594654794},{"name":"When  user creates a project with ByPassscreeningProcess","status":"passed","statusDetails":{"known":false,"muted":false,"flaky":false},"stage":"finished","steps":[],"attachments":[],"parameters":[],"start":1710594654794,"stop":1710594666715},{"name":"When  user creates a project with guest user and Configure Fields for Data Extraction","status":"passed","statusDetails":{"known":false,"muted":false,"flaky":false},"stage":"finished","steps":[],"attachments":[],"parameters":[],"start":1710594666723,"stop":1710594727834},{"name":"When  user Edit the project name","status":"broken","statusDetails":{"known":false,"muted":false,"flaky":false,"message":"element click intercepted: Element <p class=\"MuiTypography-root MuiTypography-body1 css-koybp0\">...</p> is not clickable at point (164, 160). Other element would receive the click: <div aria-hidden=\"true\" class=\"MuiBackdrop-root css-1wbkg6y\" style=\"opacity: 1; transition: opacity 225ms cubic-bezier(0.4, 0, 0.2, 1) 0ms;\"></div>\n  (Session info: chrome=122.0.6261.112)\nBuild info: version: '4.17.0', revision: 'e52b1be057*'\nSystem info: os.name: 'Windows 11', os.arch: 'amd64', os.version: '10.0', java.version: '11.0.20'\nDriver info: org.openqa.selenium.chrome.ChromeDriver\nCommand: [d3ac3186638beeb5f8f8e5148d004c1b, clickElement {id=f.C8639650F8587933539674CC710C68FB.d.259566539243DD184D1DC528A8E0C1A1.e.310}]\nCapabilities {acceptInsecureCerts: false, browserName: chrome, browserVersion: 122.0.6261.112, chrome: {chromedriverVersion: 122.0.6261.128 (f18a44fedeb..., userDataDir: C:\\Users\\ASWIN~1.MOO\\AppDat...}, fedcm:accounts: true, goog:chromeOptions: {debuggerAddress: localhost:52194}, networkConnectionEnabled: false, pageLoadStrategy: normal, platformName: windows, proxy: Proxy(), se:cdp: ws://localhost:52194/devtoo..., se:cdpVersion: 122.0.6261.112, setWindowRect: true, strictFileInteractability: false, timeouts: {implicit: 0, pageLoad: 300000, script: 30000}, unhandledPromptBehavior: dismiss and notify, webauthn:extension:credBlob: true, webauthn:extension:largeBlob: true, webauthn:extension:minPinLength: true, webauthn:extension:prf: true, webauthn:virtualAuthenticators: true}\nElement: [[ChromeDriver: chrome on windows (d3ac3186638beeb5f8f8e5148d004c1b)] -> xpath: //p[text()='Home']]\nSession ID: d3ac3186638beeb5f8f8e5148d004c1b","trace":"org.openqa.selenium.ElementClickInterceptedException: element click intercepted: Element <p class=\"MuiTypography-root MuiTypography-body1 css-koybp0\">...</p> is not clickable at point (164, 160). Other element would receive the click: <div aria-hidden=\"true\" class=\"MuiBackdrop-root css-1wbkg6y\" style=\"opacity: 1; transition: opacity 225ms cubic-bezier(0.4, 0, 0.2, 1) 0ms;\"></div>\n  (Session info: chrome=122.0.6261.112)\nBuild info: version: '4.17.0', revision: 'e52b1be057*'\nSystem info: os.name: 'Windows 11', os.arch: 'amd64', os.version: '10.0', java.version: '11.0.20'\nDriver info: org.openqa.selenium.chrome.ChromeDriver\nCommand: [d3ac3186638beeb5f8f8e5148d004c1b, clickElement {id=f.C8639650F8587933539674CC710C68FB.d.259566539243DD184D1DC528A8E0C1A1.e.310}]\nCapabilities {acceptInsecureCerts: false, browserName: chrome, browserVersion: 122.0.6261.112, chrome: {chromedriverVersion: 122.0.6261.128 (f18a44fedeb..., userDataDir: C:\\Users\\ASWIN~1.MOO\\AppDat...}, fedcm:accounts: true, goog:chromeOptions: {debuggerAddress: localhost:52194}, networkConnectionEnabled: false, pageLoadStrategy: normal, platformName: windows, proxy: Proxy(), se:cdp: ws://localhost:52194/devtoo..., se:cdpVersion: 122.0.6261.112, setWindowRect: true, strictFileInteractability: false, timeouts: {implicit: 0, pageLoad: 300000, script: 30000}, unhandledPromptBehavior: dismiss and notify, webauthn:extension:credBlob: true, webauthn:extension:largeBlob: true, webauthn:extension:minPinLength: true, webauthn:extension:prf: true, webauthn:virtualAuthenticators: true}\nElement: [[ChromeDriver: chrome on windows (d3ac3186638beeb5f8f8e5148d004c1b)] -> xpath: //p[text()='Home']]\nSession ID: d3ac3186638beeb5f8f8e5148d004c1b\r\n\tat java.base/jdk.internal.reflect.NativeConstructorAccessorImpl.newInstance0(Native Method)\r\n\tat java.base/jdk.internal.reflect.NativeConstructorAccessorImpl.newInstance(NativeConstructorAccessorImpl.java:62)\r\n\tat java.base/jdk.internal.reflect.DelegatingConstructorAccessorImpl.newInstance(DelegatingConstructorAccessorImpl.java:45)\r\n\tat java.base/java.lang.reflect.Constructor.newInstance(Constructor.java:490)\r\n\tat org.openqa.selenium.remote.codec.w3c.W3CHttpResponseCodec.createException(W3CHttpResponseCodec.java:185)\r\n\tat org.openqa.selenium.remote.codec.w3c.W3CHttpResponseCodec.decode(W3CHttpResponseCodec.java:134)\r\n\tat org.openqa.selenium.remote.codec.w3c.W3CHttpResponseCodec.decode(W3CHttpResponseCodec.java:51)\r\n\tat org.openqa.selenium.remote.HttpCommandExecutor.execute(HttpCommandExecutor.java:190)\r\n\tat org.openqa.selenium.remote.service.DriverCommandExecutor.invokeExecute(DriverCommandExecutor.java:216)\r\n\tat org.openqa.selenium.remote.service.DriverCommandExecutor.execute(DriverCommandExecutor.java:174)\r\n\tat org.openqa.selenium.remote.RemoteWebDriver.execute(RemoteWebDriver.java:519)\r\n\tat org.openqa.selenium.remote.RemoteWebElement.execute(RemoteWebElement.java:223)\r\n\tat org.openqa.selenium.remote.RemoteWebElement.click(RemoteWebElement.java:76)\r\n\tat jdk.internal.reflect.GeneratedMethodAccessor2.invoke(Unknown Source)\r\n\tat java.base/jdk.internal.reflect.DelegatingMethodAccessorImpl.invoke(DelegatingMethodAccessorImpl.java:43)\r\n\tat java.base/java.lang.reflect.Method.invoke(Method.java:566)\r\n\tat org.openqa.selenium.support.pagefactory.internal.LocatingElementHandler.invoke(LocatingElementHandler.java:51)\r\n\tat com.sun.proxy.$Proxy18.click(Unknown Source)\r\n\tat com.stepDefinitions.creatingProjects.user_edit_the_project_name(creatingProjects.java:151)\r\n\tat ✽.user Edit the project name(file:///C:/Users/aswin.moorthy/Automation/pharma_NLP/src/test/resources/features/Createproject.feature:10)\r\n"},"stage":"finished","steps":[],"attachments":[],"parameters":[],"start":1710594727834,"stop":1710594731836},{"name":"When  user Edit the collaborators name","status":"skipped","statusDetails":{"known":false,"muted":false,"flaky":false},"stage":"finished","steps":[],"attachments":[],"parameters":[],"start":1710594731837,"stop":1710594731837},{"name":"When  user duplictaes the project","status":"skipped","statusDetails":{"known":false,"muted":false,"flaky":false},"stage":"finished","steps":[],"attachments":[],"parameters":[],"start":1710594731837,"stop":1710594731837},{"name":"When  user delete the project","status":"skipped","statusDetails":{"known":false,"muted":false,"flaky":false},"stage":"finished","steps":[],"attachments":[],"parameters":[],"start":1710594731837,"stop":1710594731837}],"attachments":[],"parameters":[],"start":1710594608784,"stop":1710594732371,"uuid":"b8e24da1-8afa-4a85-a827-61180825a938","historyId":"c47ff3030097cf19b1237108f5430fa7","fullName":"CreateProject: Creating projects","labels":[{"name":"host","value":"CS-LP-923"},{"name":"thread","value":"32848@CS-LP-923.main(1)"},{"name":"feature","value":"CreateProject"},{"name":"story","value":"Creating projects"},{"name":"suite","value":"CreateProject"},{"name":"testClass","value":"Creating projects"},{"name":"framework","value":"cucumber4jvm"},{"name":"language","value":"java"},{"name":"gherkin_uri","value":"file:///C:/Users/aswin.moorthy/Automation/pharma_NLP/src/test/resources/features/Createproject.feature"},{"name":"package","value":"src.test.resources.features.Createproject_feature.CreateProject"}],"links":[]}